producer_class	xtools.gsea.Gsea
producer_timestamp	1591032994012
param	zip_report	false
param	num	100
param	scoring_scheme	weighted
param	norm	meandiv
param	out	/home/saradorado/gsea_home/output/jun01
param	mode	Max_probe
param	include_only_symbols	true
param	set_max	500
param	gmx	/home/saradorado/Downloads/set_de_genes.gmt
param	plot_top_x	20
param	nperm	1000
param	order	descending
param	rpt_label	my_analysis
param	rnd_seed	timestamp
param	set_min	15
param	res	/home/saradorado/Downloads/TODO.gct
param	chip	/home/saradorado/Downloads/chip.chip
param	create_svgs	false
param	cls	/home/saradorado/Downloads/classes.cls#SAHM1_versus_DMSO
param	sort	real
param	create_gcts	false
param	help	false
param	save_rnd_lists	false
param	median	false
param	metric	Signal2Noise
param	make_sets	true
param	rnd_type	no_balance
param	gui	false
param	permute	gene_set
param	collapse	Collapse

file	/home/saradorado/gsea_home/output/jun01/my_analysis.Gsea.1591032994012/index.html
